<?xml version="1.0" encoding="UTF-8"?>
<!-- Generated by org.testng.reporters.JUnitReportReporter -->
<testsuite hostname="SYSTEM3" name="com.qa.Tests.HomePageTest" tests="5" failures="0" timestamp="6 Nov 2019 05:25:26 GMT" time="67.259" errors="0">
  <testcase name="validatelinktextTest" time="11.912" classname="com.qa.Tests.HomePageTest"/>
  <testcase name="tenderinglinkTest" time="12.648" classname="com.qa.Tests.HomePageTest"/>
  <testcase name="adminlinkTest" time="17.205" classname="com.qa.Tests.HomePageTest"/>
  <testcase name="verifyhomepagetitleTest" time="12.204" classname="com.qa.Tests.HomePageTest"/>
  <testcase name="projcontractlinkTest" time="13.290" classname="com.qa.Tests.HomePageTest"/>
</testsuite> <!-- com.qa.Tests.HomePageTest -->
