<?xml version="1.0" encoding="UTF-8"?>
<!-- Generated by org.testng.reporters.JUnitReportReporter -->
<testsuite hostname="SYSTEM3" name="com.qa.Tests.LoginPageTest" tests="4" failures="0" timestamp="5 Nov 2019 05:54:18 GMT" time="46.321" errors="0">
  <testcase name="loginTest" time="13.069" classname="com.qa.Tests.LoginPageTest"/>
  <testcase name="loginpageTitleTest" time="10.904" classname="com.qa.Tests.LoginPageTest"/>
  <testcase name="linktextTest" time="10.784" classname="com.qa.Tests.LoginPageTest"/>
  <testcase name="logoImageTest" time="11.564" classname="com.qa.Tests.LoginPageTest"/>
</testsuite> <!-- com.qa.Tests.LoginPageTest -->
